{
  "0 debug pnpm:scope": {
    "selected": 1
  },
  "1 error pnpm": {
    "shortMessage": "Command failed with exit code 1: /usr/local/bin/pnpm add create-astro@latest --global --global-dir /private/var/folders/rz/0p8pgbln0835ph474j1n4jyh0000gn/T/dlx-18811 --dir /private/var/folders/rz/0p8pgbln0835ph474j1n4jyh0000gn/T/dlx-18811",
    "command": "/usr/local/bin/pnpm add create-astro@latest --global --global-dir /private/var/folders/rz/0p8pgbln0835ph474j1n4jyh0000gn/T/dlx-18811 --dir /private/var/folders/rz/0p8pgbln0835ph474j1n4jyh0000gn/T/dlx-18811",
    "escapedCommand": "\"/usr/local/bin/pnpm\" add \"create-astro@latest\" --global --global-dir \"/private/var/folders/rz/0p8pgbln0835ph474j1n4jyh0000gn/T/dlx-18811\" --dir \"/private/var/folders/rz/0p8pgbln0835ph474j1n4jyh0000gn/T/dlx-18811\"",
    "exitCode": 1,
    "failed": true,
    "timedOut": false,
    "isCanceled": false,
    "killed": false,
    "err": {
      "name": "pnpm",
      "message": "Command failed with exit code 1: /usr/local/bin/pnpm add create-astro@latest --global --global-dir /private/var/folders/rz/0p8pgbln0835ph474j1n4jyh0000gn/T/dlx-18811 --dir /private/var/folders/rz/0p8pgbln0835ph474j1n4jyh0000gn/T/dlx-18811",
      "stack": "pnpm: Command failed with exit code 1: /usr/local/bin/pnpm add create-astro@latest --global --global-dir /private/var/folders/rz/0p8pgbln0835ph474j1n4jyh0000gn/T/dlx-18811 --dir /private/var/folders/rz/0p8pgbln0835ph474j1n4jyh0000gn/T/dlx-18811\n    at makeError (/Users/weiyuang/pnpm-global/5/node_modules/.pnpm/pnpm@6.24.0/node_modules/pnpm/dist/pnpm.cjs:42357:17)\n    at handlePromise (/Users/weiyuang/pnpm-global/5/node_modules/.pnpm/pnpm@6.24.0/node_modules/pnpm/dist/pnpm.cjs:42928:33)\n    at process.processTicksAndRejections (node:internal/process/task_queues:95:5)\n    at async Object.handler (/Users/weiyuang/pnpm-global/5/node_modules/.pnpm/pnpm@6.24.0/node_modules/pnpm/dist/pnpm.cjs:179005:7)\n    at async /Users/weiyuang/pnpm-global/5/node_modules/.pnpm/pnpm@6.24.0/node_modules/pnpm/dist/pnpm.cjs:183629:21\n    at async run (/Users/weiyuang/pnpm-global/5/node_modules/.pnpm/pnpm@6.24.0/node_modules/pnpm/dist/pnpm.cjs:183603:34)\n    at async runPnpm (/Users/weiyuang/pnpm-global/5/node_modules/.pnpm/pnpm@6.24.0/node_modules/pnpm/dist/pnpm.cjs:183815:5)\n    at async /Users/weiyuang/pnpm-global/5/node_modules/.pnpm/pnpm@6.24.0/node_modules/pnpm/dist/pnpm.cjs:183807:7"
    }
  }
}